Change Component Footprint: Designator=J1 Old Footprint=CON-SMA-SMD-RA New Footprint=FP-CON-SMA-EDGE-S-MFG
Change Component Comment : Designator=J1 Old Comment=CONSMA002-SMD New Comment=CON-SMA-EDGE-S
Change Managed Component Library Link : Designator=J1 Old VaultGUID=B7D15EC3-160A-466F-A46C-7801FE6295A7 New VaultGUID=B7D15EC3-160A-466F-A46C-7801FE6295A7 Old ItemGUID=89BE7434-27D6-4C19-B486-9C2E70B36CFE New ItemGUID=9D95F23C-4567-4FDF-AA80-3871B0A486DF Old RevisionGUID=51ED3F33-0EB5-45FC-9FE6-47F074136DC3 New RevisionGUID=3682857A-C35A-440F-BEBF-967069085EC2
Change component parameters: Designator = "J1" ("J1"); Footprint = "CON-SMA-SMD-RA"; UniqueID = "\UWAEQUUO" ("\UWAEQUUO")
Change component parameters (AddParameter): Name = "Automotive"; Value = "No"; VariantName = "[No Variations]"
Change component parameters (AddParameter): Name = "Category"; Value = "Conn"; VariantName = "[No Variations]"
Change component parameters (AddParameter): Name = "ComponentLink2Description"; Value = "Datasheet"; VariantName = "[No Variations]"
Change component parameters (AddParameter): Name = "ComponentLink2URL"; Value = "https://www.rfsolutions.co.uk/downloads/1498648656DS-CON-EDGE-SMA-4.pdf"; VariantName = "[No Variations]"
Change component parameters (AddParameter): Name = "Conn Orientation"; Value = "Right Angle"; VariantName = "[No Variations]"
Change component parameters (AddParameter): Name = "Contact Material"; Value = "Gold"; VariantName = "[No Variations]"
Change component parameters (AddParameter): Name = "Device Class L1"; Value = "Connectors"; VariantName = "[No Variations]"
Change component parameters (AddParameter): Name = "Device Class L2"; Value = "RF / Coaxial Connectors"; VariantName = "[No Variations]"
Change component parameters (AddParameter): Name = "Device Class L3"; Value = "unset"; VariantName = "[No Variations]"
Change component parameters (AddParameter): Name = "Digikey Description"; Value = "CONN SMA JACK STR EDGE MNT"; VariantName = "[No Variations]"
Change component parameters (AddParameter): Name = "Footprint Url"; Value = "https://forum.upverter.com/uploads/default/original/3X/b/e/be75b907af57498775929d6d9099689c472e0307.pdf"; VariantName = "[No Variations]"
Change component parameters (AddParameter): Name = "Frequency"; Value = "18GHz"; VariantName = "[No Variations]"
Change component parameters (AddParameter): Name = "Height"; Value = "6.35mm"; VariantName = "[No Variations]"
Change component parameters (AddParameter): Name = "Impedance"; Value = "50O"; VariantName = "[No Variations]"
Change component parameters (AddParameter): Name = "Is Female"; Value = "yes"; VariantName = "[No Variations]"
Change component parameters (AddParameter): Name = "Lead Free"; Value = "Yes"; VariantName = "[No Variations]"
Change component parameters (AddParameter): Name = "Manufacturer"; Value = "RF Solutions Ltd."; VariantName = "[No Variations]"
Change component parameters (AddParameter): Name = "Manufacturer Part Number"; Value = "CON-SMA-EDGE-S"; VariantName = "[No Variations]"
Change component parameters (AddParameter): Name = "Number Of Contacts"; Value = "1"; VariantName = "[No Variations]"
Change component parameters (AddParameter): Name = "Octopart"; Value = "https://octopart.com/con-sma-edge-s-rf+solutions-70967450"; VariantName = "[No Variations]"
Change component parameters (AddParameter): Name = "Package"; Value = "CONN_JACK"; VariantName = "[No Variations]"
Change component parameters (AddParameter): Name = "RoHS"; Value = "TRUE"; VariantName = "[No Variations]"
Change component parameters (AddParameter): Name = "Shielding"; Value = "true"; VariantName = "[No Variations]"
Add Pin To Net: Unknown Pin: Pin A1-Port1
Add Pin To Net: Unknown Pin: Pin A2-Port1
Add Pin To Net: Unknown Pin: Pin A3-Port1
Add Pin To Net: Unknown Pin: Pin A4-Port1
